

Started GET "/" for 127.0.0.1 at 2014-06-06 18:57:00 -0500
Processing by Rails::WelcomeController#index as HTML
  Rendered /Users/traceytreat/.rvm/gems/ruby-2.0.0-p451/gems/railties-4.1.1/lib/rails/templates/rails/welcome/index.html.erb (1.8ms)
Completed 200 OK in 17ms (Views: 8.8ms | ActiveRecord: 0.0ms)


Started GET "/rails/info/properties" for 127.0.0.1 at 2014-06-06 18:57:07 -0500
Processing by Rails::InfoController#properties as */*
  Rendered /Users/traceytreat/.rvm/gems/ruby-2.0.0-p451/gems/railties-4.1.1/lib/rails/templates/rails/info/properties.html.erb (0.4ms)
Completed 200 OK in 33ms (Views: 7.7ms | ActiveRecord: 1.7ms)
  [1m[36m (0.9ms)[0m  [1mCREATE TABLE "schema_migrations" ("version" varchar(255) NOT NULL) [0m
  [1m[35m (0.4ms)[0m  select sqlite_version(*)
  [1m[36m (0.8ms)[0m  [1mCREATE UNIQUE INDEX "unique_schema_migrations" ON "schema_migrations" ("version")[0m
  [1m[35mActiveRecord::SchemaMigration Load (0.1ms)[0m  SELECT "schema_migrations".* FROM "schema_migrations"
Migrating to CreateDrinks (20140606235829)
  [1m[36m (0.1ms)[0m  [1mbegin transaction[0m
  [1m[35m (0.3ms)[0m  CREATE TABLE "drinks" ("id" INTEGER PRIMARY KEY AUTOINCREMENT NOT NULL, "name" varchar(255), "temperature" integer, "created_at" datetime, "updated_at" datetime) 
  [1m[36mSQL (0.2ms)[0m  [1mINSERT INTO "schema_migrations" ("version") VALUES (?)[0m  [["version", "20140606235829"]]
  [1m[35m (1.0ms)[0m  commit transaction
  [1m[36mActiveRecord::SchemaMigration Load (0.1ms)[0m  [1mSELECT "schema_migrations".* FROM "schema_migrations"[0m


Started GET "/drinks" for 127.0.0.1 at 2014-06-06 18:59:21 -0500
  [1m[36mActiveRecord::SchemaMigration Load (0.2ms)[0m  [1mSELECT "schema_migrations".* FROM "schema_migrations"[0m
Processing by DrinksController#index as HTML
  [1m[35mDrink Load (0.1ms)[0m  SELECT "drinks".* FROM "drinks"
  Rendered drinks/index.html.erb within layouts/application (1.3ms)
Completed 200 OK in 762ms (Views: 759.5ms | ActiveRecord: 0.1ms)


Started GET "/assets/drinks.css?body=1" for 127.0.0.1 at 2014-06-06 18:59:22 -0500


Started GET "/assets/scaffolds.css?body=1" for 127.0.0.1 at 2014-06-06 18:59:22 -0500


Started GET "/assets/application.css?body=1" for 127.0.0.1 at 2014-06-06 18:59:22 -0500


Started GET "/assets/jquery.js?body=1" for 127.0.0.1 at 2014-06-06 18:59:22 -0500


Started GET "/assets/jquery_ujs.js?body=1" for 127.0.0.1 at 2014-06-06 18:59:22 -0500


Started GET "/assets/turbolinks.js?body=1" for 127.0.0.1 at 2014-06-06 18:59:22 -0500


Started GET "/assets/drinks.js?body=1" for 127.0.0.1 at 2014-06-06 18:59:22 -0500


Started GET "/assets/application.js?body=1" for 127.0.0.1 at 2014-06-06 18:59:22 -0500


Started GET "/drinks/new" for 127.0.0.1 at 2014-06-06 18:59:29 -0500
Processing by DrinksController#new as HTML
  Rendered drinks/_form.html.erb (44.4ms)
  Rendered drinks/new.html.erb within layouts/application (56.4ms)
Completed 200 OK in 63ms (Views: 60.9ms | ActiveRecord: 0.4ms)


Started POST "/drinks" for 127.0.0.1 at 2014-06-06 18:59:38 -0500
Processing by DrinksController#create as HTML
  Parameters: {"utf8"=>"✓", "authenticity_token"=>"1r3QzSSTbRirjHmCvLzyLAisEX9twQ+u74UeQ8SEpW4=", "drink"=>{"name"=>"Cappuccino", "temperature"=>"135"}, "commit"=>"Create Drink"}
  [1m[36m (0.1ms)[0m  [1mbegin transaction[0m
  [1m[35mSQL (0.4ms)[0m  INSERT INTO "drinks" ("created_at", "name", "temperature", "updated_at") VALUES (?, ?, ?, ?)  [["created_at", "2014-06-06 23:59:38.508295"], ["name", "Cappuccino"], ["temperature", 135], ["updated_at", "2014-06-06 23:59:38.508295"]]
  [1m[36m (0.8ms)[0m  [1mcommit transaction[0m
Redirected to http://localhost:3000/drinks/1
Completed 302 Found in 9ms (ActiveRecord: 1.2ms)


Started GET "/drinks/1" for 127.0.0.1 at 2014-06-06 18:59:38 -0500
Processing by DrinksController#show as HTML
  Parameters: {"id"=>"1"}
  [1m[35mDrink Load (0.2ms)[0m  SELECT  "drinks".* FROM "drinks"  WHERE "drinks"."id" = ? LIMIT 1  [["id", 1]]
  Rendered drinks/show.html.erb within layouts/application (0.9ms)
Completed 200 OK in 8ms (Views: 6.3ms | ActiveRecord: 0.2ms)


Started GET "/assets/drinks.js?body=1" for 127.0.0.1 at 2014-06-06 18:59:38 -0500


Started GET "/assets/scaffolds.css?body=1" for 127.0.0.1 at 2014-06-06 18:59:38 -0500


Started GET "/assets/drinks.css?body=1" for 127.0.0.1 at 2014-06-06 18:59:38 -0500
